SF:src/Spotify.jl
DA:56,213
DA:117,1
DA:118,1
LH:3
LF:3
end_of_record
SF:src/authorization/client_credentials.jl
DA:6,1
DA:7,1
DA:8,1
DA:9,1
DA:10,1
DA:12,0
DA:15,0
DA:16,0
DA:17,0
DA:18,0
DA:20,0
DA:24,1
DA:25,1
DA:26,1
DA:27,0
DA:29,1
DA:30,2
DA:31,0
DA:33,1
DA:34,1
DA:35,1
DA:36,1
DA:41,1
DA:42,1
DA:43,3
DA:46,0
DA:47,1
DA:48,1
DA:49,1
DA:51,0
DA:52,0
DA:53,0
DA:54,0
DA:56,1
DA:57,1
DA:60,1
DA:61,1
DA:62,2
DA:63,0
DA:64,0
DA:66,1
DA:67,1
DA:68,2
DA:69,1
DA:77,1
DA:78,1
DA:79,1
DA:80,1
DA:81,0
DA:97,6
DA:98,6
DA:102,7
DA:103,7
DA:104,7
DA:105,0
DA:108,0
DA:109,0
DA:111,0
DA:113,7
DA:116,0
DA:117,0
DA:118,0
DA:119,0
DA:120,0
DA:122,0
DA:123,0
DA:124,0
DA:125,0
DA:126,0
DA:130,75
LH:40
LF:70
end_of_record
SF:src/authorization/implicit_grant_flow.jl
DA:1,2
DA:2,2
DA:3,2
DA:4,2
DA:5,2
DA:6,2
DA:7,8
DA:8,12
DA:9,2
DA:10,2
DA:11,2
DA:12,1
DA:13,2
DA:14,2
DA:15,1
DA:16,1
DA:17,1
DA:20,1
DA:23,0
DA:25,1
DA:26,1
DA:27,0
DA:28,0
DA:30,1
DA:31,0
DA:33,1
DA:34,1
DA:40,42
DA:41,42
DA:42,42
DA:44,1
DA:45,2
DA:46,23
DA:48,1
DA:51,1
DA:52,1
DA:53,1
DA:54,1
DA:55,7
DA:56,4
DA:57,2
DA:58,1
DA:59,1
DA:60,1
DA:61,1
DA:63,1
DA:64,1
DA:65,1
DA:69,1
DA:70,1
DA:71,1
DA:78,1
DA:81,1
DA:82,0
DA:84,1
DA:85,0
DA:87,1
DA:88,1
DA:92,1
DA:93,1
DA:94,1
DA:102,1
DA:103,1
DA:104,1
LH:58
LF:64
end_of_record
SF:src/by_reference_doc/albums.jl
DA:27,6
DA:58,10
LH:2
LF:2
end_of_record
SF:src/by_reference_doc/artist.jl
DA:22,1
DA:60,12
DA:61,6
DA:63,0
DA:90,6
DA:112,1
LH:5
LF:6
end_of_record
SF:src/by_reference_doc/browse.jl
DA:31,6
DA:65,12
DA:95,12
DA:143,2
DA:144,1
DA:145,1
DA:151,2
DA:152,2
DA:153,4
DA:154,4
DA:156,2
DA:179,0
DA:180,0
DA:181,0
DA:182,0
DA:183,0
DA:184,0
DA:185,0
DA:186,0
DA:187,0
DA:188,0
DA:189,0
DA:190,0
DA:191,0
DA:192,0
DA:193,0
DA:194,0
DA:195,0
DA:196,0
DA:197,0
DA:198,0
DA:199,0
DA:200,0
DA:201,0
DA:202,0
DA:203,0
DA:204,0
DA:205,0
DA:206,0
DA:207,0
DA:208,0
DA:209,0
DA:210,0
DA:211,0
DA:212,0
DA:213,0
DA:214,0
DA:215,0
DA:216,0
DA:217,0
DA:218,0
DA:219,0
LH:11
LF:52
end_of_record
SF:src/by_reference_doc/episodes.jl
DA:13,0
DA:14,0
DA:15,0
LH:0
LF:3
end_of_record
SF:src/by_reference_doc/follow.jl
DA:23,1
DA:25,1
DA:46,1
DA:48,1
DA:76,1
DA:78,2
DA:93,0
DA:94,0
DA:95,0
DA:106,0
DA:107,0
DA:108,0
DA:122,0
DA:123,0
DA:124,0
DA:135,0
DA:136,0
DA:137,0
LH:6
LF:18
end_of_record
SF:src/by_reference_doc/genres.jl
DA:15,1
DA:17,1
LH:2
LF:2
end_of_record
SF:src/by_reference_doc/library.jl
DA:14,0
DA:15,0
DA:16,0
DA:29,0
DA:30,0
DA:31,0
DA:46,0
DA:47,0
DA:48,0
DA:61,0
DA:62,0
DA:63,0
DA:75,0
DA:76,0
DA:77,0
DA:90,0
DA:91,0
DA:92,0
DA:106,0
DA:107,0
DA:108,0
DA:121,0
DA:122,0
DA:123,0
DA:135,0
DA:136,0
DA:137,0
DA:150,0
DA:151,0
DA:152,0
DA:164,0
DA:165,0
DA:166,0
DA:178,0
DA:179,0
DA:180,0
LH:0
LF:36
end_of_record
SF:src/by_reference_doc/markets.jl
DA:15,1
DA:17,1
LH:2
LF:2
end_of_record
SF:src/by_reference_doc/personalization.jl
DA:17,0
DA:19,0
DA:20,0
DA:22,0
DA:41,0
DA:43,0
DA:44,0
DA:46,0
LH:0
LF:8
end_of_record
SF:src/by_reference_doc/player.jl
DA:34,2
DA:36,1
DA:65,1
DA:99,2
DA:101,1
DA:132,6
DA:133,3
DA:135,3
DA:137,3
LH:9
LF:9
end_of_record
SF:src/by_reference_doc/playlists.jl
DA:46,2
DA:47,1
DA:49,1
DA:93,6
DA:94,3
DA:96,3
DA:128,6
DA:162,4
DA:200,6
DA:201,3
DA:203,3
DA:234,6
DA:235,3
DA:237,3
DA:265,1
LH:15
LF:15
end_of_record
SF:src/by_reference_doc/search.jl
DA:33,14
DA:34,7
DA:36,7
LH:3
LF:3
end_of_record
SF:src/by_reference_doc/shows.jl
DA:28,6
DA:54,6
DA:85,6
DA:112,2
DA:126,0
DA:127,0
LH:4
LF:6
end_of_record
SF:src/by_reference_doc/tracks.jl
DA:22,1
DA:51,1
DA:84,6
DA:111,6
DA:141,6
DA:165,1
LH:6
LF:6
end_of_record
SF:src/by_reference_doc/users.jl
DA:29,1
DA:31,1
DA:66,1
DA:68,1
LH:4
LF:4
end_of_record
SF:src/export_structure.jl
LH:0
LF:0
end_of_record
SF:src/types.jl
DA:35,1
DA:37,1
DA:41,24
DA:43,4
DA:46,4
DA:48,3
DA:51,3
DA:53,3
DA:57,1
DA:59,1
DA:63,2
DA:65,2
DA:69,1
DA:71,1
DA:75,1
DA:77,1
DA:81,1
DA:83,1
DA:86,2
DA:87,58
DA:88,1
DA:96,2
DA:97,10
DA:98,8
DA:99,2
DA:100,5
DA:101,5
DA:102,8
DA:103,11
DA:104,9
DA:107,2
DA:108,2
DA:109,2
DA:110,2
DA:111,2
DA:112,0
DA:113,0
DA:114,0
DA:115,0
DA:117,0
DA:118,1
DA:119,0
DA:120,0
DA:121,0
DA:122,0
DA:123,0
DA:124,0
DA:125,0
DA:127,0
DA:128,1
DA:129,0
DA:130,0
DA:131,0
DA:132,0
DA:133,0
DA:134,0
DA:135,0
LH:37
LF:57
end_of_record
SF:src/util/request.jl
DA:14,93
DA:16,279
DA:17,93
DA:18,93
DA:19,185
DA:20,92
DA:21,92
DA:22,184
DA:24,5
DA:25,2
DA:26,2
DA:27,0
DA:28,0
DA:30,2
DA:31,1
DA:32,1
DA:34,1
DA:35,0
DA:36,0
DA:38,1
DA:39,1
DA:40,1
DA:43,0
DA:44,0
DA:45,0
DA:48,0
DA:49,0
DA:50,0
DA:51,0
DA:54,90
DA:55,90
LH:20
LF:31
end_of_record
SF:src/util/utilities.jl
DA:3,0
DA:4,0
DA:9,93
DA:10,186
DA:11,75
DA:12,75
DA:14,0
DA:16,18
DA:17,17
DA:19,1
DA:23,18
DA:24,18
DA:26,0
DA:27,18
DA:28,17
DA:29,17
DA:31,1
DA:32,1
DA:34,1
DA:45,0
LH:15
LF:20
end_of_record
