SF:src/Spotify.jl
DA:56,254
DA:117,1
DA:118,1
LH:3
LF:3
end_of_record
SF:src/authorization/client_credentials.jl
DA:6,1
DA:7,1
DA:8,1
DA:9,1
DA:10,1
DA:12,0
DA:15,1
DA:16,1
DA:17,1
DA:18,1
DA:20,0
DA:24,2
DA:25,2
DA:26,2
DA:27,0
DA:29,2
DA:30,4
DA:31,0
DA:33,2
DA:34,2
DA:35,2
DA:36,2
DA:41,2
DA:42,2
DA:43,6
DA:46,0
DA:47,2
DA:48,2
DA:49,2
DA:51,0
DA:52,0
DA:53,0
DA:54,0
DA:56,2
DA:57,2
DA:60,2
DA:61,2
DA:62,4
DA:63,0
DA:64,0
DA:66,2
DA:67,2
DA:68,4
DA:69,2
DA:77,2
DA:78,2
DA:79,2
DA:80,2
DA:81,0
DA:97,6
DA:98,6
DA:102,8
DA:103,8
DA:104,8
DA:105,0
DA:108,0
DA:109,0
DA:111,0
DA:113,8
DA:116,0
DA:117,0
DA:118,0
DA:119,0
DA:120,0
DA:122,0
DA:123,0
DA:124,0
DA:125,0
DA:126,0
DA:130,84
LH:44
LF:70
end_of_record
SF:src/authorization/implicit_grant_flow.jl
DA:1,2
DA:2,2
DA:3,2
DA:4,2
DA:5,2
DA:6,2
DA:7,8
DA:8,12
DA:9,2
DA:10,2
DA:11,2
DA:12,1
DA:13,2
DA:14,2
DA:15,1
DA:16,1
DA:17,1
DA:20,1
DA:23,0
DA:25,1
DA:26,1
DA:27,0
DA:28,0
DA:30,1
DA:31,0
DA:33,1
DA:34,1
DA:40,53
DA:41,53
DA:42,53
DA:44,1
DA:45,2
DA:46,22
DA:48,1
DA:51,1
DA:52,1
DA:53,1
DA:54,1
DA:55,7
DA:56,4
DA:57,2
DA:58,1
DA:59,1
DA:60,1
DA:61,1
DA:63,1
DA:64,1
DA:65,1
DA:69,1
DA:70,1
DA:71,1
DA:78,1
DA:81,1
DA:82,0
DA:84,1
DA:85,0
DA:87,1
DA:88,1
DA:92,1
DA:93,1
DA:94,1
DA:102,1
DA:103,1
DA:104,1
LH:58
LF:64
end_of_record
SF:src/by_reference_doc/albums.jl
DA:27,6
DA:58,10
DA:83,6
DA:113,4
DA:139,1
LH:5
LF:5
end_of_record
SF:src/by_reference_doc/artist.jl
DA:22,1
DA:61,12
DA:62,6
DA:64,6
DA:91,6
DA:113,1
LH:6
LF:6
end_of_record
SF:src/by_reference_doc/browse.jl
DA:31,6
DA:65,12
DA:95,12
DA:143,2
DA:144,1
DA:145,1
DA:151,2
DA:152,2
DA:153,4
DA:154,4
DA:156,2
LH:11
LF:11
end_of_record
SF:src/by_reference_doc/episodes.jl
DA:26,6
DA:51,6
DA:81,10
DA:108,1
LH:4
LF:4
end_of_record
SF:src/by_reference_doc/follow.jl
DA:23,1
DA:25,1
DA:46,1
DA:48,1
DA:76,1
DA:78,2
DA:93,0
DA:94,0
DA:95,0
DA:106,0
DA:107,0
DA:108,0
DA:122,0
DA:123,0
DA:124,0
DA:135,0
DA:136,0
DA:137,0
LH:6
LF:18
end_of_record
SF:src/by_reference_doc/genres.jl
DA:15,1
DA:17,1
LH:2
LF:2
end_of_record
SF:src/by_reference_doc/library.jl
DA:35,0
DA:36,0
DA:37,0
DA:50,0
DA:51,0
DA:52,0
DA:64,0
DA:65,0
DA:66,0
DA:79,0
DA:80,0
DA:81,0
DA:93,0
DA:94,0
DA:95,0
DA:107,0
DA:108,0
DA:109,0
LH:0
LF:18
end_of_record
SF:src/by_reference_doc/markets.jl
DA:15,1
DA:17,1
LH:2
LF:2
end_of_record
SF:src/by_reference_doc/personalization.jl
DA:17,1
DA:19,2
DA:20,1
DA:22,1
DA:41,1
DA:43,2
DA:44,1
DA:46,1
LH:8
LF:8
end_of_record
SF:src/by_reference_doc/player.jl
DA:34,2
DA:36,1
DA:65,1
DA:99,2
DA:101,1
DA:132,6
DA:133,3
DA:135,3
DA:137,3
LH:9
LF:9
end_of_record
SF:src/by_reference_doc/playlists.jl
DA:46,2
DA:47,1
DA:49,1
DA:93,6
DA:94,3
DA:96,3
DA:128,6
DA:162,4
DA:200,6
DA:201,3
DA:203,3
DA:234,6
DA:235,3
DA:237,3
DA:265,1
LH:15
LF:15
end_of_record
SF:src/by_reference_doc/search.jl
DA:33,14
DA:34,7
DA:36,7
LH:3
LF:3
end_of_record
SF:src/by_reference_doc/shows.jl
DA:28,6
DA:54,6
DA:85,6
DA:112,2
DA:127,1
LH:5
LF:5
end_of_record
SF:src/by_reference_doc/tracks.jl
DA:22,1
DA:51,1
DA:84,6
DA:111,6
DA:141,6
DA:165,1
LH:6
LF:6
end_of_record
SF:src/by_reference_doc/users.jl
DA:29,1
DA:31,1
DA:66,1
DA:68,1
LH:4
LF:4
end_of_record
SF:src/export_structure.jl
LH:0
LF:0
end_of_record
SF:src/types.jl
DA:36,1
DA:38,1
DA:42,24
DA:44,4
DA:47,4
DA:49,3
DA:52,3
DA:54,3
DA:58,1
DA:60,1
DA:64,2
DA:66,2
DA:70,1
DA:72,1
DA:76,1
DA:78,1
DA:82,1
DA:84,1
DA:88,1
DA:90,1
DA:93,2
DA:94,60
DA:95,1
DA:103,2
DA:104,10
DA:105,8
DA:106,2
DA:107,5
DA:108,5
DA:109,12
DA:110,11
DA:111,9
DA:112,7
DA:115,2
DA:116,2
DA:117,2
DA:118,2
DA:119,2
DA:120,0
DA:121,0
DA:122,0
DA:123,0
DA:124,0
DA:126,0
DA:127,1
DA:128,0
DA:129,0
DA:130,0
DA:131,0
DA:132,0
DA:133,0
DA:134,0
DA:135,0
DA:137,0
DA:138,1
DA:139,0
DA:140,0
DA:141,0
DA:142,0
DA:143,0
DA:144,0
DA:145,0
DA:146,0
LH:40
LF:63
end_of_record
SF:src/util/request.jl
DA:14,114
DA:16,342
DA:17,114
DA:18,114
DA:19,227
DA:20,113
DA:21,113
DA:22,226
DA:24,14
DA:25,5
DA:26,5
DA:27,0
DA:28,0
DA:30,5
DA:31,1
DA:32,1
DA:34,4
DA:35,3
DA:36,3
DA:38,1
DA:39,1
DA:40,1
DA:43,0
DA:44,0
DA:45,0
DA:48,0
DA:49,0
DA:50,0
DA:51,0
DA:54,108
DA:55,108
LH:22
LF:31
end_of_record
SF:src/util/utilities.jl
DA:3,0
DA:4,0
DA:9,114
DA:10,228
DA:11,84
DA:12,84
DA:14,0
DA:16,30
DA:17,29
DA:19,1
DA:23,30
DA:24,30
DA:26,0
DA:27,30
DA:28,29
DA:29,29
DA:31,1
DA:32,1
DA:34,1
DA:45,0
LH:15
LF:20
end_of_record
